Arguments: 
  /Users/skullpanda/.nvm/versions/node/v16.14.0/bin/node /Users/skullpanda/.nvm/versions/node/v16.14.0/bin/yarn add --dev react-dom react @types/react-dom @types/react

PATH: 
  /Users/skullpanda/Library/Android/sdk:/usr/local/google-cloud-sdk/bin:/usr/local/sbin:/usr/local/opt/mysql@5.7/bin:/usr/local/opt/mysql@5.7/bin:/Users/skullpanda/.nvm/versions/node/v16.14.0/bin:/usr/local/bin:/usr/bin:/bin:/usr/sbin:/sbin:/Users/skullpanda/Development/flutter/bin:/Library/Apple/usr/bin:/Users/skullpanda/Library/Android/sdk/emulator:/Users/skullpanda/Library/Android/sdk/tools:/Users/skullpanda/Library/Android/sdk/tools/bin:/Users/skullpanda/Library/Android/sdk/platform-tools

Yarn version: 
  1.22.17

Node version: 
  16.14.0

Platform: 
  darwin x64

Trace: 
  SyntaxError: /Users/skullpanda/Projects/xtremis/library/cowoco/react/package.json: Unexpected token } in JSON at position 738
      at JSON.parse (<anonymous>)
      at /Users/skullpanda/.nvm/versions/node/v16.14.0/lib/node_modules/yarn/lib/cli.js:1625:59
      at Generator.next (<anonymous>)
      at step (/Users/skullpanda/.nvm/versions/node/v16.14.0/lib/node_modules/yarn/lib/cli.js:310:30)
      at /Users/skullpanda/.nvm/versions/node/v16.14.0/lib/node_modules/yarn/lib/cli.js:321:13

npm manifest: 
  {
      "name": "@cowoco/react",
      "version": "1.0.8",
      "description": "Cowoco react library",
      "author": "Isaac Martín",
      "license": "MIT",
      "private": true,
      "main": "./lib/cjs/index.js",
      "module": "./lib/esm/index.js",
      "types": "./lib/esm/index.d.ts",
      "scripts": {
          "build": "yarn build:esm && yarn build:cjs",
          "build:esm": "tsc",
          "build:cjs": "tsc --module commonjs --outDir lib/cjs"
      },
      "devDependencies": {
          "typescript": "^4.7.3"
      },
      "peerDependencies": {
          "react-dom": "^16.8.0",
          "@types/react": "^18.0.12",
          "i18next": "^21.8.10",
          "react": "^18.2.0",
          "react-query": "^3.39.1",
          "react-router-dom": "^6.3.0",
       }
  }

yarn manifest: 
  No manifest

Lockfile: 
  # THIS IS AN AUTOGENERATED FILE. DO NOT EDIT THIS FILE DIRECTLY.
  # yarn lockfile v1
  
  
  typescript@^4.7.3:
    version "4.7.3"
    resolved "https://registry.yarnpkg.com/typescript/-/typescript-4.7.3.tgz#8364b502d5257b540f9de4c40be84c98e23a129d"
    integrity sha512-WOkT3XYvrpXx4vMMqlD+8R8R37fZkjyLGlxavMc4iB8lrl8L0DeTcHbYgw/v0N/z9wAFsgBhcsF0ruoySS22mA==
